<?xml version="1.0" encoding="UTF-8"?>
<testsuite name="io.paketo.demo.utils.DataCreation" tests="2" skipped="0" failures="0" errors="0" timestamp="2023-06-30T20:36:36" hostname="VAIO_FRANCOGARC" time="0.918">
  <properties/>
  <testcase name="clear()" classname="io.paketo.demo.utils.DataCreation" time="0.236"/>
  <testcase name="initServerOnline()" classname="io.paketo.demo.utils.DataCreation" time="0.681"/>
  <system-out><![CDATA[2023-06-30 17:36:36.015  INFO 14428 --- [    Test worker] .b.t.c.SpringBootTestContextBootstrapper : Neither @ContextConfiguration nor @ContextHierarchy found for test class [io.paketo.demo.utils.DataCreation], using SpringBootContextLoader
2023-06-30 17:36:36.018  INFO 14428 --- [    Test worker] o.s.t.c.support.AbstractContextLoader    : Could not detect default resource locations for test class [io.paketo.demo.utils.DataCreation]: no resource found for suffixes {-context.xml, Context.groovy}.
2023-06-30 17:36:36.018  INFO 14428 --- [    Test worker] t.c.s.AnnotationConfigContextLoaderUtils : Could not detect default configuration classes for test class [io.paketo.demo.utils.DataCreation]: DataCreation does not declare any static, non-private, non-final, nested classes annotated with @Configuration.
2023-06-30 17:36:36.034  INFO 14428 --- [    Test worker] .b.t.c.SpringBootTestContextBootstrapper : Found @SpringBootConfiguration io.paketo.demo.DemoApplication for test class io.paketo.demo.utils.DataCreation
2023-06-30 17:36:36.035  INFO 14428 --- [    Test worker] .b.t.c.SpringBootTestContextBootstrapper : Loaded default TestExecutionListener class names from location [META-INF/spring.factories]: [org.springframework.boot.test.autoconfigure.restdocs.RestDocsTestExecutionListener, org.springframework.boot.test.autoconfigure.web.client.MockRestServiceServerResetTestExecutionListener, org.springframework.boot.test.autoconfigure.web.servlet.MockMvcPrintOnlyOnFailureTestExecutionListener, org.springframework.boot.test.autoconfigure.web.servlet.WebDriverTestExecutionListener, org.springframework.boot.test.autoconfigure.webservices.client.MockWebServiceServerTestExecutionListener, org.springframework.boot.test.mock.mockito.MockitoTestExecutionListener, org.springframework.boot.test.mock.mockito.ResetMocksTestExecutionListener, org.springframework.test.context.web.ServletTestExecutionListener, org.springframework.test.context.support.DirtiesContextBeforeModesTestExecutionListener, org.springframework.test.context.event.ApplicationEventsTestExecutionListener, org.springframework.test.context.support.DependencyInjectionTestExecutionListener, org.springframework.test.context.support.DirtiesContextTestExecutionListener, org.springframework.test.context.transaction.TransactionalTestExecutionListener, org.springframework.test.context.jdbc.SqlScriptsTestExecutionListener, org.springframework.test.context.event.EventPublishingTestExecutionListener]
2023-06-30 17:36:36.036  INFO 14428 --- [    Test worker] .b.t.c.SpringBootTestContextBootstrapper : Using TestExecutionListeners: [org.springframework.test.context.web.ServletTestExecutionListener@1811aab5, org.springframework.test.context.support.DirtiesContextBeforeModesTestExecutionListener@224bcb64, org.springframework.test.context.event.ApplicationEventsTestExecutionListener@4e673dc6, org.springframework.boot.test.mock.mockito.MockitoTestExecutionListener@4e9e91e1, org.springframework.boot.test.autoconfigure.SpringBootDependencyInjectionTestExecutionListener@5b4fde85, org.springframework.test.context.support.DirtiesContextTestExecutionListener@27233e63, org.springframework.test.context.transaction.TransactionalTestExecutionListener@505dae4c, org.springframework.test.context.jdbc.SqlScriptsTestExecutionListener@6af62c3f, org.springframework.test.context.event.EventPublishingTestExecutionListener@4fe87c12, org.springframework.boot.test.autoconfigure.restdocs.RestDocsTestExecutionListener@718683aa, org.springframework.boot.test.autoconfigure.web.client.MockRestServiceServerResetTestExecutionListener@4c147c18, org.springframework.boot.test.autoconfigure.web.servlet.MockMvcPrintOnlyOnFailureTestExecutionListener@17d83671, org.springframework.boot.test.autoconfigure.web.servlet.WebDriverTestExecutionListener@1bdcd074, org.springframework.boot.test.autoconfigure.webservices.client.MockWebServiceServerTestExecutionListener@5e829b76, org.springframework.boot.test.mock.mockito.ResetMocksTestExecutionListener@3199c802]
2023-06-30 17:36:36.262 DEBUG 14428 --- [    Test worker] o.s.data.mongodb.core.MongoTemplate      : Remove using query: {} in collection: item.
2023-06-30 17:36:36.439 DEBUG 14428 --- [    Test worker] o.s.data.mongodb.core.MongoTemplate      : Inserting Document containing fields: [name, damage, relatedClass, ownerName, _class] in collection: item
2023-06-30 17:36:36.444 DEBUG 14428 --- [    Test worker] o.s.data.mongodb.core.MongoTemplate      : Inserting Document containing fields: [name, damage, relatedClass, ownerName, _class] in collection: item
2023-06-30 17:36:36.452 DEBUG 14428 --- [    Test worker] o.s.data.mongodb.core.MongoTemplate      : Inserting Document containing fields: [name, damage, relatedClass, ownerName, _class] in collection: item
2023-06-30 17:36:36.457 DEBUG 14428 --- [    Test worker] o.s.data.mongodb.core.MongoTemplate      : Inserting Document containing fields: [name, damage, relatedClass, ownerName, _class] in collection: item
2023-06-30 17:36:36.463 DEBUG 14428 --- [    Test worker] o.s.data.mongodb.core.MongoTemplate      : Inserting Document containing fields: [name, damage, relatedClass, ownerName, _class] in collection: item
2023-06-30 17:36:36.468 DEBUG 14428 --- [    Test worker] o.s.data.mongodb.core.MongoTemplate      : Inserting Document containing fields: [name, damage, relatedClass, ownerName, _class] in collection: item
2023-06-30 17:36:36.474 DEBUG 14428 --- [    Test worker] o.s.data.mongodb.core.MongoTemplate      : Inserting Document containing fields: [name, damage, relatedClass, ownerName, _class] in collection: item
2023-06-30 17:36:36.644  WARN 14428 --- [    Test worker] org.springframework.data.neo4j.cypher    : Neo.ClientNotification.Statement.CartesianProductWarning: This query builds a cartesian product between disconnected patterns.
	
	        MATCH (p1 { username: $playerUsername }),
	^
	              (p2 { username: $newFriendUsername })
	        CREATE (p1)-[:Friend]->(p2),
	               (p2)-[:Friend]->(p1)
	    
If a part of a query contains multiple disconnected patterns, this will build a cartesian product between all those parts. This may produce a large amount of data and slow down query processing. While occasionally intended, it may often be possible to reformulate the query that avoids the use of this cross product, perhaps by adding a relationship between the different parts or by using OPTIONAL MATCH (identifier is: (p2))
2023-06-30 17:36:36.660  WARN 14428 --- [    Test worker] org.springframework.data.neo4j.cypher    : Neo.ClientNotification.Statement.CartesianProductWarning: This query builds a cartesian product between disconnected patterns.
	
	        MATCH (p1 { username: $playerUsername }),
	^
	              (p2 { username: $newFriendUsername })
	        CREATE (p1)-[:Friend]->(p2),
	               (p2)-[:Friend]->(p1)
	    
If a part of a query contains multiple disconnected patterns, this will build a cartesian product between all those parts. This may produce a large amount of data and slow down query processing. While occasionally intended, it may often be possible to reformulate the query that avoids the use of this cross product, perhaps by adding a relationship between the different parts or by using OPTIONAL MATCH (identifier is: (p2))
2023-06-30 17:36:36.680  WARN 14428 --- [    Test worker] org.springframework.data.neo4j.cypher    : Neo.ClientNotification.Statement.CartesianProductWarning: This query builds a cartesian product between disconnected patterns.
	
	        MATCH (p1 { username: $playerUsername }),
	^
	              (p2 { username: $newFriendUsername })
	        CREATE (p1)-[:Friend]->(p2),
	               (p2)-[:Friend]->(p1)
	    
If a part of a query contains multiple disconnected patterns, this will build a cartesian product between all those parts. This may produce a large amount of data and slow down query processing. While occasionally intended, it may often be possible to reformulate the query that avoids the use of this cross product, perhaps by adding a relationship between the different parts or by using OPTIONAL MATCH (identifier is: (p2))
2023-06-30 17:36:36.698  WARN 14428 --- [    Test worker] org.springframework.data.neo4j.cypher    : Neo.ClientNotification.Statement.CartesianProductWarning: This query builds a cartesian product between disconnected patterns.
	
	        MATCH (p1 { username: $playerUsername }),
	^
	              (p2 { username: $newFriendUsername })
	        CREATE (p1)-[:Friend]->(p2),
	               (p2)-[:Friend]->(p1)
	    
If a part of a query contains multiple disconnected patterns, this will build a cartesian product between all those parts. This may produce a large amount of data and slow down query processing. While occasionally intended, it may often be possible to reformulate the query that avoids the use of this cross product, perhaps by adding a relationship between the different parts or by using OPTIONAL MATCH (identifier is: (p2))
2023-06-30 17:36:36.725  WARN 14428 --- [    Test worker] org.springframework.data.neo4j.cypher    : Neo.ClientNotification.Statement.CartesianProductWarning: This query builds a cartesian product between disconnected patterns.
	
	        MATCH (p1 { username: $playerUsername }),
	^
	              (p2 { username: $newFriendUsername })
	        CREATE (p1)-[:Friend]->(p2),
	               (p2)-[:Friend]->(p1)
	    
If a part of a query contains multiple disconnected patterns, this will build a cartesian product between all those parts. This may produce a large amount of data and slow down query processing. While occasionally intended, it may often be possible to reformulate the query that avoids the use of this cross product, perhaps by adding a relationship between the different parts or by using OPTIONAL MATCH (identifier is: (p2))
2023-06-30 17:36:36.753  WARN 14428 --- [    Test worker] org.springframework.data.neo4j.cypher    : Neo.ClientNotification.Statement.CartesianProductWarning: This query builds a cartesian product between disconnected patterns.
	
	        MATCH (p1 { username: $playerUsername }),
	^
	              (p2 { username: $newFriendUsername })
	        CREATE (p1)-[:Friend]->(p2),
	               (p2)-[:Friend]->(p1)
	    
If a part of a query contains multiple disconnected patterns, this will build a cartesian product between all those parts. This may produce a large amount of data and slow down query processing. While occasionally intended, it may often be possible to reformulate the query that avoids the use of this cross product, perhaps by adding a relationship between the different parts or by using OPTIONAL MATCH (identifier is: (p2))
2023-06-30 17:36:36.775  WARN 14428 --- [    Test worker] org.springframework.data.neo4j.cypher    : Neo.ClientNotification.Statement.CartesianProductWarning: This query builds a cartesian product between disconnected patterns.
	
	        MATCH (p1 { username: $playerUsername }),
	^
	              (p2 { username: $newFriendUsername })
	        CREATE (p1)-[:Friend]->(p2),
	               (p2)-[:Friend]->(p1)
	    
If a part of a query contains multiple disconnected patterns, this will build a cartesian product between all those parts. This may produce a large amount of data and slow down query processing. While occasionally intended, it may often be possible to reformulate the query that avoids the use of this cross product, perhaps by adding a relationship between the different parts or by using OPTIONAL MATCH (identifier is: (p2))
2023-06-30 17:36:36.800  WARN 14428 --- [    Test worker] org.springframework.data.neo4j.cypher    : Neo.ClientNotification.Statement.CartesianProductWarning: This query builds a cartesian product between disconnected patterns.
	
	        MATCH (p1 { username: $playerUsername }),
	^
	              (p2 { username: $newFriendUsername })
	        CREATE (p1)-[:Friend]->(p2),
	               (p2)-[:Friend]->(p1)
	    
If a part of a query contains multiple disconnected patterns, this will build a cartesian product between all those parts. This may produce a large amount of data and slow down query processing. While occasionally intended, it may often be possible to reformulate the query that avoids the use of this cross product, perhaps by adding a relationship between the different parts or by using OPTIONAL MATCH (identifier is: (p2))
2023-06-30 17:36:36.819  WARN 14428 --- [    Test worker] org.springframework.data.neo4j.cypher    : Neo.ClientNotification.Statement.CartesianProductWarning: This query builds a cartesian product between disconnected patterns.
	
	        MATCH (p1 { username: $playerUsername }),
	^
	              (p2 { username: $newFriendUsername })
	        CREATE (p1)-[:Friend]->(p2),
	               (p2)-[:Friend]->(p1)
	    
If a part of a query contains multiple disconnected patterns, this will build a cartesian product between all those parts. This may produce a large amount of data and slow down query processing. While occasionally intended, it may often be possible to reformulate the query that avoids the use of this cross product, perhaps by adding a relationship between the different parts or by using OPTIONAL MATCH (identifier is: (p2))
2023-06-30 17:36:36.841  WARN 14428 --- [    Test worker] org.springframework.data.neo4j.cypher    : Neo.ClientNotification.Statement.CartesianProductWarning: This query builds a cartesian product between disconnected patterns.
	
	        MATCH (p1 { username: $playerUsername }),
	^
	              (p2 { username: $newFriendUsername })
	        CREATE (p1)-[:Friend]->(p2),
	               (p2)-[:Friend]->(p1)
	    
If a part of a query contains multiple disconnected patterns, this will build a cartesian product between all those parts. This may produce a large amount of data and slow down query processing. While occasionally intended, it may often be possible to reformulate the query that avoids the use of this cross product, perhaps by adding a relationship between the different parts or by using OPTIONAL MATCH (identifier is: (p2))
2023-06-30 17:36:36.858  WARN 14428 --- [    Test worker] org.springframework.data.neo4j.cypher    : Neo.ClientNotification.Statement.CartesianProductWarning: This query builds a cartesian product between disconnected patterns.
	
	        MATCH (p1 { username: $playerUsername }),
	^
	              (p2 { username: $newFriendUsername })
	        CREATE (p1)-[:Friend]->(p2),
	               (p2)-[:Friend]->(p1)
	    
If a part of a query contains multiple disconnected patterns, this will build a cartesian product between all those parts. This may produce a large amount of data and slow down query processing. While occasionally intended, it may often be possible to reformulate the query that avoids the use of this cross product, perhaps by adding a relationship between the different parts or by using OPTIONAL MATCH (identifier is: (p2))
2023-06-30 17:36:36.879  WARN 14428 --- [    Test worker] org.springframework.data.neo4j.cypher    : Neo.ClientNotification.Statement.CartesianProductWarning: This query builds a cartesian product between disconnected patterns.
	
	        MATCH (p1 { username: $playerUsername }),
	^
	              (p2 { username: $newFriendUsername })
	        CREATE (p1)-[:Friend]->(p2),
	               (p2)-[:Friend]->(p1)
	    
If a part of a query contains multiple disconnected patterns, this will build a cartesian product between all those parts. This may produce a large amount of data and slow down query processing. While occasionally intended, it may often be possible to reformulate the query that avoids the use of this cross product, perhaps by adding a relationship between the different parts or by using OPTIONAL MATCH (identifier is: (p2))
2023-06-30 17:36:36.901  WARN 14428 --- [    Test worker] org.springframework.data.neo4j.cypher    : Neo.ClientNotification.Statement.CartesianProductWarning: This query builds a cartesian product between disconnected patterns.
	
	        MATCH (p1 { username: $playerUsername }),
	^
	              (p2 { username: $newFriendUsername })
	        CREATE (p1)-[:Friend]->(p2),
	               (p2)-[:Friend]->(p1)
	    
If a part of a query contains multiple disconnected patterns, this will build a cartesian product between all those parts. This may produce a large amount of data and slow down query processing. While occasionally intended, it may often be possible to reformulate the query that avoids the use of this cross product, perhaps by adding a relationship between the different parts or by using OPTIONAL MATCH (identifier is: (p2))
2023-06-30 17:36:36.922  WARN 14428 --- [    Test worker] org.springframework.data.neo4j.cypher    : Neo.ClientNotification.Statement.CartesianProductWarning: This query builds a cartesian product between disconnected patterns.
	
	        MATCH (p1 { username: $playerUsername }),
	^
	              (p2 { username: $newFriendUsername })
	        CREATE (p1)-[:Friend]->(p2),
	               (p2)-[:Friend]->(p1)
	    
If a part of a query contains multiple disconnected patterns, this will build a cartesian product between all those parts. This may produce a large amount of data and slow down query processing. While occasionally intended, it may often be possible to reformulate the query that avoids the use of this cross product, perhaps by adding a relationship between the different parts or by using OPTIONAL MATCH (identifier is: (p2))
2023-06-30 17:36:36.946  WARN 14428 --- [    Test worker] org.springframework.data.neo4j.cypher    : Neo.ClientNotification.Statement.CartesianProductWarning: This query builds a cartesian product between disconnected patterns.
	
	        MATCH (p1 { username: $playerUsername }),
	^
	              (p2 { username: $newFriendUsername })
	        CREATE (p1)-[:Friend]->(p2),
	               (p2)-[:Friend]->(p1)
	    
If a part of a query contains multiple disconnected patterns, this will build a cartesian product between all those parts. This may produce a large amount of data and slow down query processing. While occasionally intended, it may often be possible to reformulate the query that avoids the use of this cross product, perhaps by adding a relationship between the different parts or by using OPTIONAL MATCH (identifier is: (p2))
]]></system-out>
  <system-err><![CDATA[]]></system-err>
</testsuite>
