<?xml version="1.0" encoding="UTF-8"?>
<testsuite name="io.paketo.demo.service.ServicesTest" tests="2" skipped="0" failures="0" errors="0" timestamp="2023-06-30T20:36:35" hostname="VAIO_FRANCOGARC" time="0.561">
  <properties/>
  <testcase name="player_SeCreaCorrectamente()" classname="io.paketo.demo.service.ServicesTest" time="0.245"/>
  <testcase name="guild_SeCreaCorrectamente()" classname="io.paketo.demo.service.ServicesTest" time="0.315"/>
  <system-out><![CDATA[2023-06-30 17:36:35.439  INFO 14428 --- [    Test worker] .b.t.c.SpringBootTestContextBootstrapper : Neither @ContextConfiguration nor @ContextHierarchy found for test class [io.paketo.demo.service.ServicesTest], using SpringBootContextLoader
2023-06-30 17:36:35.441  INFO 14428 --- [    Test worker] o.s.t.c.support.AbstractContextLoader    : Could not detect default resource locations for test class [io.paketo.demo.service.ServicesTest]: no resource found for suffixes {-context.xml, Context.groovy}.
2023-06-30 17:36:35.441  INFO 14428 --- [    Test worker] t.c.s.AnnotationConfigContextLoaderUtils : Could not detect default configuration classes for test class [io.paketo.demo.service.ServicesTest]: ServicesTest does not declare any static, non-private, non-final, nested classes annotated with @Configuration.
2023-06-30 17:36:35.443  INFO 14428 --- [    Test worker] .b.t.c.SpringBootTestContextBootstrapper : Found @SpringBootConfiguration io.paketo.demo.DemoApplication for test class io.paketo.demo.service.ServicesTest
2023-06-30 17:36:35.445  INFO 14428 --- [    Test worker] .b.t.c.SpringBootTestContextBootstrapper : Loaded default TestExecutionListener class names from location [META-INF/spring.factories]: [org.springframework.boot.test.autoconfigure.restdocs.RestDocsTestExecutionListener, org.springframework.boot.test.autoconfigure.web.client.MockRestServiceServerResetTestExecutionListener, org.springframework.boot.test.autoconfigure.web.servlet.MockMvcPrintOnlyOnFailureTestExecutionListener, org.springframework.boot.test.autoconfigure.web.servlet.WebDriverTestExecutionListener, org.springframework.boot.test.autoconfigure.webservices.client.MockWebServiceServerTestExecutionListener, org.springframework.boot.test.mock.mockito.MockitoTestExecutionListener, org.springframework.boot.test.mock.mockito.ResetMocksTestExecutionListener, org.springframework.test.context.web.ServletTestExecutionListener, org.springframework.test.context.support.DirtiesContextBeforeModesTestExecutionListener, org.springframework.test.context.event.ApplicationEventsTestExecutionListener, org.springframework.test.context.support.DependencyInjectionTestExecutionListener, org.springframework.test.context.support.DirtiesContextTestExecutionListener, org.springframework.test.context.transaction.TransactionalTestExecutionListener, org.springframework.test.context.jdbc.SqlScriptsTestExecutionListener, org.springframework.test.context.event.EventPublishingTestExecutionListener]
2023-06-30 17:36:35.445  INFO 14428 --- [    Test worker] .b.t.c.SpringBootTestContextBootstrapper : Using TestExecutionListeners: [org.springframework.test.context.web.ServletTestExecutionListener@422e1fca, org.springframework.test.context.support.DirtiesContextBeforeModesTestExecutionListener@486152ab, org.springframework.test.context.event.ApplicationEventsTestExecutionListener@50ed6d2f, org.springframework.boot.test.mock.mockito.MockitoTestExecutionListener@166deaa5, org.springframework.boot.test.autoconfigure.SpringBootDependencyInjectionTestExecutionListener@248f77ed, org.springframework.test.context.support.DirtiesContextTestExecutionListener@66398ddd, org.springframework.test.context.transaction.TransactionalTestExecutionListener@5d061020, org.springframework.test.context.jdbc.SqlScriptsTestExecutionListener@2447f1e7, org.springframework.test.context.event.EventPublishingTestExecutionListener@7b28ca9d, org.springframework.boot.test.autoconfigure.restdocs.RestDocsTestExecutionListener@51d5e740, org.springframework.boot.test.autoconfigure.web.client.MockRestServiceServerResetTestExecutionListener@3cbf7a4a, org.springframework.boot.test.autoconfigure.web.servlet.MockMvcPrintOnlyOnFailureTestExecutionListener@27ec6cf3, org.springframework.boot.test.autoconfigure.web.servlet.WebDriverTestExecutionListener@1a2d36b1, org.springframework.boot.test.autoconfigure.webservices.client.MockWebServiceServerTestExecutionListener@643c2d53, org.springframework.boot.test.mock.mockito.ResetMocksTestExecutionListener@231666b4]
2023-06-30 17:36:35.677 DEBUG 14428 --- [    Test worker] o.s.data.mongodb.core.MongoTemplate      : Remove using query: {} in collection: item.
2023-06-30 17:36:35.998 DEBUG 14428 --- [    Test worker] o.s.data.mongodb.core.MongoTemplate      : Remove using query: {} in collection: item.
]]></system-out>
  <system-err><![CDATA[]]></system-err>
</testsuite>
